<?xml version="1.0" encoding="UTF-8"?>
<!-- Generated by org.testng.reporters.JUnitReportReporter -->
<testsuite hostname="DESKTOP-PCE9UBK" failures="0" tests="1" name="Core.Base_setup" time="1.463" errors="0" timestamp="26 May 2022 18:44:24 GMT" skipped="0">
  <testcase classname="Core.Base_setup" name="TC_Login_to_the_site" time="1.463"/>
</testsuite> <!-- Core.Base_setup -->
